[debug] [2021-01-17T18:09:07.893Z] ----------------------------------------------------------------------
[debug] [2021-01-17T18:09:07.895Z] Command:       /usr/local/bin/node /usr/local/bin/firebase deploy --debug --only functions:api
[debug] [2021-01-17T18:09:07.895Z] CLI Version:   9.2.1
[debug] [2021-01-17T18:09:07.895Z] Platform:      darwin
[debug] [2021-01-17T18:09:07.895Z] Node Version:  v14.15.3
[debug] [2021-01-17T18:09:07.895Z] Time:          Sun Jan 17 2021 13:09:07 GMT-0500 (Eastern Standard Time)
[debug] [2021-01-17T18:09:07.896Z] ----------------------------------------------------------------------
[debug] [2021-01-17T18:09:07.896Z] 
[debug] [2021-01-17T18:09:07.900Z] > command requires scopes: ["email","openid","https://www.googleapis.com/auth/cloudplatformprojects.readonly","https://www.googleapis.com/auth/firebase","https://www.googleapis.com/auth/cloud-platform"]
[debug] [2021-01-17T18:09:07.901Z] > authorizing via signed-in user
[debug] [2021-01-17T18:09:07.901Z] [iam] checking project react-test-app-76db2 for permissions ["cloudfunctions.functions.create","cloudfunctions.functions.delete","cloudfunctions.functions.get","cloudfunctions.functions.list","cloudfunctions.functions.update","cloudfunctions.operations.get","firebase.projects.get"]
[debug] [2021-01-17T18:09:07.903Z] > refreshing access token with scopes: ["email","https://www.googleapis.com/auth/cloud-platform","https://www.googleapis.com/auth/cloudplatformprojects.readonly","https://www.googleapis.com/auth/firebase","openid"]
[debug] [2021-01-17T18:09:07.903Z] >>> HTTP REQUEST POST https://www.googleapis.com/oauth2/v3/token  
 <request body omitted>
[debug] [2021-01-17T18:09:08.119Z] <<< HTTP RESPONSE 200 {"pragma":"no-cache","date":"Sun, 17 Jan 2021 18:09:08 GMT","cache-control":"no-cache, no-store, max-age=0, must-revalidate","expires":"Mon, 01 Jan 1990 00:00:00 GMT","content-type":"application/json; charset=utf-8","vary":"X-Origin, Referer, Origin,Accept-Encoding","server":"scaffolding on HTTPServer2","x-xss-protection":"0","x-frame-options":"SAMEORIGIN","x-content-type-options":"nosniff","alt-svc":"h3-29=\":443\"; ma=2592000,h3-T051=\":443\"; ma=2592000,h3-Q050=\":443\"; ma=2592000,h3-Q046=\":443\"; ma=2592000,h3-Q043=\":443\"; ma=2592000,quic=\":443\"; ma=2592000; v=\"46,43\"","accept-ranges":"none","transfer-encoding":"chunked"}
[debug] [2021-01-17T18:09:08.135Z] >>> HTTP REQUEST POST https://cloudresourcemanager.googleapis.com/v1/projects/react-test-app-76db2:testIamPermissions  
 {"permissions":["cloudfunctions.functions.create","cloudfunctions.functions.delete","cloudfunctions.functions.get","cloudfunctions.functions.list","cloudfunctions.functions.update","cloudfunctions.operations.get","firebase.projects.get"]}
[debug] [2021-01-17T18:09:08.418Z] <<< HTTP RESPONSE 200 {"content-type":"application/json; charset=UTF-8","vary":"X-Origin, Referer, Origin,Accept-Encoding","date":"Sun, 17 Jan 2021 18:09:08 GMT","server":"ESF","cache-control":"private","x-xss-protection":"0","x-frame-options":"SAMEORIGIN","x-content-type-options":"nosniff","server-timing":"gfet4t7; dur=135","alt-svc":"h3-29=\":443\"; ma=2592000,h3-T051=\":443\"; ma=2592000,h3-Q050=\":443\"; ma=2592000,h3-Q046=\":443\"; ma=2592000,h3-Q043=\":443\"; ma=2592000,quic=\":443\"; ma=2592000; v=\"46,43\"","accept-ranges":"none","transfer-encoding":"chunked"}
[debug] [2021-01-17T18:09:08.421Z] >>> HTTP REQUEST POST https://iam.googleapis.com/v1/projects/react-test-app-76db2/serviceAccounts/react-test-app-76db2@appspot.gserviceaccount.com:testIamPermissions  
 {"permissions":["iam.serviceAccounts.actAs"]}
[debug] [2021-01-17T18:09:08.697Z] <<< HTTP RESPONSE 200 {"content-type":"application/json; charset=UTF-8","vary":"X-Origin, Referer, Origin,Accept-Encoding","date":"Sun, 17 Jan 2021 18:09:08 GMT","server":"ESF","cache-control":"private","x-xss-protection":"0","x-frame-options":"SAMEORIGIN","x-content-type-options":"nosniff","alt-svc":"h3-29=\":443\"; ma=2592000,h3-T051=\":443\"; ma=2592000,h3-Q050=\":443\"; ma=2592000,h3-Q046=\":443\"; ma=2592000,h3-Q043=\":443\"; ma=2592000,quic=\":443\"; ma=2592000; v=\"46,43\"","accept-ranges":"none","transfer-encoding":"chunked"}
[info] 
[info] === Deploying to 'react-test-app-76db2'...
[info] 
[info] i  deploying functions 
[debug] [2021-01-17T18:09:10.010Z] > [functions] package.json contents: {
  "name": "functions",
  "description": "Cloud Functions for Firebase",
  "scripts": {
    "serve": "firebase emulators:start --only functions",
    "shell": "firebase functions:shell",
    "start": "npm run shell",
    "deploy": "firebase deploy --only functions",
    "logs": "firebase functions:log"
  },
  "engines": {
    "node": "12"
  },
  "main": "index.js",
  "dependencies": {
    "firebase-admin": "^9.2.0",
    "firebase-functions": "^3.11.0"
  },
  "devDependencies": {
    "firebase-functions-test": "^0.2.0"
  },
  "private": true
}
[info] i  functions: ensuring required API cloudfunctions.googleapis.com is enabled... 
[info] i  functions: ensuring required API cloudbuild.googleapis.com is enabled... 
[debug] [2021-01-17T18:09:10.668Z] >>> HTTP REQUEST GET https://serviceusage.googleapis.com/v1/projects/react-test-app-76db2/services/cloudfunctions.googleapis.com  
 
[debug] [2021-01-17T18:09:10.669Z] >>> HTTP REQUEST GET https://serviceusage.googleapis.com/v1/projects/react-test-app-76db2/services/runtimeconfig.googleapis.com  
 
[debug] [2021-01-17T18:09:10.669Z] >>> HTTP REQUEST GET https://serviceusage.googleapis.com/v1/projects/react-test-app-76db2/services/cloudbuild.googleapis.com  
 
[debug] [2021-01-17T18:09:11.276Z] <<< HTTP RESPONSE 200 {"content-type":"application/json; charset=UTF-8","vary":"X-Origin, Referer, Origin,Accept-Encoding","date":"Sun, 17 Jan 2021 18:09:11 GMT","server":"ESF","cache-control":"private","x-xss-protection":"0","x-frame-options":"SAMEORIGIN","x-content-type-options":"nosniff","alt-svc":"h3-29=\":443\"; ma=2592000,h3-T051=\":443\"; ma=2592000,h3-Q050=\":443\"; ma=2592000,h3-Q046=\":443\"; ma=2592000,h3-Q043=\":443\"; ma=2592000,quic=\":443\"; ma=2592000; v=\"46,43\"","accept-ranges":"none","transfer-encoding":"chunked"}
[debug] [2021-01-17T18:09:11.317Z] <<< HTTP RESPONSE 200 {"content-type":"application/json; charset=UTF-8","vary":"X-Origin, Referer, Origin,Accept-Encoding","date":"Sun, 17 Jan 2021 18:09:11 GMT","server":"ESF","cache-control":"private","x-xss-protection":"0","x-frame-options":"SAMEORIGIN","x-content-type-options":"nosniff","alt-svc":"h3-29=\":443\"; ma=2592000,h3-T051=\":443\"; ma=2592000,h3-Q050=\":443\"; ma=2592000,h3-Q046=\":443\"; ma=2592000,h3-Q043=\":443\"; ma=2592000,quic=\":443\"; ma=2592000; v=\"46,43\"","accept-ranges":"none","transfer-encoding":"chunked"}
[info] ✔  functions: required API cloudbuild.googleapis.com is enabled 
[debug] [2021-01-17T18:09:11.328Z] <<< HTTP RESPONSE 200 {"content-type":"application/json; charset=UTF-8","vary":"X-Origin, Referer, Origin,Accept-Encoding","date":"Sun, 17 Jan 2021 18:09:11 GMT","server":"ESF","cache-control":"private","x-xss-protection":"0","x-frame-options":"SAMEORIGIN","x-content-type-options":"nosniff","alt-svc":"h3-29=\":443\"; ma=2592000,h3-T051=\":443\"; ma=2592000,h3-Q050=\":443\"; ma=2592000,h3-Q046=\":443\"; ma=2592000,h3-Q043=\":443\"; ma=2592000,quic=\":443\"; ma=2592000; v=\"46,43\"","accept-ranges":"none","transfer-encoding":"chunked"}
[info] ✔  functions: required API cloudfunctions.googleapis.com is enabled 
[debug] [2021-01-17T18:09:11.329Z] >>> HTTP REQUEST GET https://firebase.googleapis.com/v1beta1/projects/react-test-app-76db2/adminSdkConfig  
 
[debug] [2021-01-17T18:09:11.636Z] <<< HTTP RESPONSE 200 {"content-type":"application/json; charset=UTF-8","vary":"X-Origin, Referer, Origin,Accept-Encoding","date":"Sun, 17 Jan 2021 18:09:11 GMT","server":"ESF","cache-control":"private","x-xss-protection":"0","x-frame-options":"SAMEORIGIN","x-content-type-options":"nosniff","alt-svc":"h3-29=\":443\"; ma=2592000,h3-T051=\":443\"; ma=2592000,h3-Q050=\":443\"; ma=2592000,h3-Q046=\":443\"; ma=2592000,h3-Q043=\":443\"; ma=2592000,quic=\":443\"; ma=2592000; v=\"46,43\"","accept-ranges":"none","transfer-encoding":"chunked"}
[info] i  functions: preparing functions directory for uploading... 
[debug] [2021-01-17T18:09:11.639Z] >>> HTTP REQUEST GET https://runtimeconfig.googleapis.com/v1beta1/projects/react-test-app-76db2/configs  
 
[debug] [2021-01-17T18:09:11.861Z] <<< HTTP RESPONSE 200 {"content-type":"application/json; charset=UTF-8","vary":"X-Origin, Referer, Origin,Accept-Encoding","date":"Sun, 17 Jan 2021 18:09:11 GMT","server":"ESF","cache-control":"private","x-xss-protection":"0","x-frame-options":"SAMEORIGIN","x-content-type-options":"nosniff","alt-svc":"h3-29=\":443\"; ma=2592000,h3-T051=\":443\"; ma=2592000,h3-Q050=\":443\"; ma=2592000,h3-Q046=\":443\"; ma=2592000,h3-Q043=\":443\"; ma=2592000,quic=\":443\"; ma=2592000; v=\"46,43\"","accept-ranges":"none","transfer-encoding":"chunked"}
[info] i  functions: packaged functions (27.07 KB) for uploading 
[debug] [2021-01-17T18:09:12.282Z] >>> HTTP REQUEST GET https://cloudfunctions.googleapis.com/v1/projects/react-test-app-76db2/locations/-/functions  
 
[debug] [2021-01-17T18:09:12.907Z] <<< HTTP RESPONSE 200 {"content-type":"application/json; charset=UTF-8","vary":"X-Origin, Referer, Origin,Accept-Encoding","date":"Sun, 17 Jan 2021 18:09:12 GMT","server":"ESF","cache-control":"private","x-xss-protection":"0","x-frame-options":"SAMEORIGIN","x-content-type-options":"nosniff","alt-svc":"h3-29=\":443\"; ma=2592000,h3-T051=\":443\"; ma=2592000,h3-Q050=\":443\"; ma=2592000,h3-Q046=\":443\"; ma=2592000,h3-Q043=\":443\"; ma=2592000,quic=\":443\"; ma=2592000; v=\"46,43\"","accept-ranges":"none","transfer-encoding":"chunked"}
[debug] [2021-01-17T18:09:12.913Z] >>> HTTP REQUEST POST https://cloudfunctions.googleapis.com/v1/projects/react-test-app-76db2/locations/us-central1/functions:generateUploadUrl  
 
[debug] [2021-01-17T18:09:13.622Z] <<< HTTP RESPONSE 200 {"content-type":"application/json; charset=UTF-8","vary":"X-Origin, Referer, Origin,Accept-Encoding","date":"Sun, 17 Jan 2021 18:09:13 GMT","server":"ESF","cache-control":"private","x-xss-protection":"0","x-frame-options":"SAMEORIGIN","x-content-type-options":"nosniff","alt-svc":"h3-29=\":443\"; ma=2592000,h3-T051=\":443\"; ma=2592000,h3-Q050=\":443\"; ma=2592000,h3-Q046=\":443\"; ma=2592000,h3-Q043=\":443\"; ma=2592000,quic=\":443\"; ma=2592000; v=\"46,43\"","accept-ranges":"none","transfer-encoding":"chunked"}
[debug] [2021-01-17T18:09:13.623Z] >>> HTTP REQUEST PUT https://storage.googleapis.com/gcf-upload-us-central1-7fd47be6-c2be-4ef0-9f27-4bfa9ad14f8f/084fe15b-4f01-4dc3-a713-b0338adf74c8.zip?GoogleAccessId=service-751950068802@gcf-admin-robot.iam.gserviceaccount.com&Expires=1610908753&Signature=eTm0voMAxUvfKRbDzqCC%2BzE85UT1Ncn4IoOkxcyx8wUI4PnwdHTOycbDRiuLJG1k7TaTHDRLTC78lMpKTP7v4DPsuiCoZUl8X8yDJurOXD8bo1Fcx%2FEWipRiusctlt2yP%2Fx61%2BwR8MCJgshKflA8lawCcxlP5ZmHBqMBK%2BdjDqwUh7Ae1R359UiOHuv6pMqCA50SIMNr6P6kYFvQhpQ2fdAVbOwPGvnjs7QzGDc8oSb9BPROQTq0DalJ0WIY08d5khmB%2B23v0JucD%2BLf49fOIlE68KcldibFcQ%2FwiJjj%2BJQwnGW1KALT%2B%2B3%2BAAZ%2BKhQYHmCZ7IyqPdMyPaRLLECeJg%3D%3D  
 <request body omitted>
[debug] [2021-01-17T18:09:14.072Z] <<< HTTP RESPONSE 200 {"x-guploader-uploadid":"ABg5-Uy_UBu7QmYwd6KurAnzAAKZP3FsAHYbestKYpKGs4-J7_geizYWspBcXkegYQhvyL7d1oGz1e6iNXP427_KHk4","etag":"\"918706f7f92815dfc2d15c2f136e570a\"","x-goog-generation":"1610906954029448","x-goog-metageneration":"1","x-goog-hash":"crc32c=84HCJg==, md5=kYcG9/koFd/C0VwvE25XCg==","x-goog-stored-content-length":"27715","x-goog-stored-content-encoding":"identity","vary":"Origin","content-length":"0","date":"Sun, 17 Jan 2021 18:09:14 GMT","server":"UploadServer","content-type":"text/html; charset=UTF-8","alt-svc":"h3-29=\":443\"; ma=2592000,h3-T051=\":443\"; ma=2592000,h3-Q050=\":443\"; ma=2592000,h3-Q046=\":443\"; ma=2592000,h3-Q043=\":443\"; ma=2592000,quic=\":443\"; ma=2592000; v=\"46,43\""}
[info] ✔  functions: functions folder uploaded successfully 
[debug] [2021-01-17T18:09:14.074Z] > [functions] filtering triggers to: [
  "projects/react-test-app-76db2/locations/us-central1/functions/api"
]
[info] i  functions: current functions in project: api(us-central1) 
[info] i  functions: uploading functions in project: api(us-central1) 
[info] i  functions: updating Node.js 12 function api(us-central1)... 
[debug] [2021-01-17T18:09:14.077Z] Trigger is:  {"httpsTrigger":{}}
[debug] [2021-01-17T18:09:14.078Z] >>> HTTP REQUEST PATCH https://cloudfunctions.googleapis.com/v1/projects/react-test-app-76db2/locations/us-central1/functions/api {"updateMask":"sourceUploadUrl,name,labels,runtime,environmentVariables,httpsTrigger"} 
 {"sourceUploadUrl":"https://storage.googleapis.com/gcf-upload-us-central1-7fd47be6-c2be-4ef0-9f27-4bfa9ad14f8f/084fe15b-4f01-4dc3-a713-b0338adf74c8.zip?GoogleAccessId=service-751950068802@gcf-admin-robot.iam.gserviceaccount.com&Expires=1610908753&Signature=eTm0voMAxUvfKRbDzqCC%2BzE85UT1Ncn4IoOkxcyx8wUI4PnwdHTOycbDRiuLJG1k7TaTHDRLTC78lMpKTP7v4DPsuiCoZUl8X8yDJurOXD8bo1Fcx%2FEWipRiusctlt2yP%2Fx61%2BwR8MCJgshKflA8lawCcxlP5ZmHBqMBK%2BdjDqwUh7Ae1R359UiOHuv6pMqCA50SIMNr6P6kYFvQhpQ2fdAVbOwPGvnjs7QzGDc8oSb9BPROQTq0DalJ0WIY08d5khmB%2B23v0JucD%2BLf49fOIlE68KcldibFcQ%2FwiJjj%2BJQwnGW1KALT%2B%2B3%2BAAZ%2BKhQYHmCZ7IyqPdMyPaRLLECeJg%3D%3D","name":"projects/react-test-app-76db2/locations/us-central1/functions/api","labels":{"deployment-tool":"cli-firebase"},"httpsTrigger":{},"runtime":"nodejs12","environmentVariables":{"FIREBASE_CONFIG":"{\"projectId\":\"react-test-app-76db2\",\"storageBucket\":\"react-test-app-76db2.appspot.com\",\"locationId\":\"us-central\"}"}}
[debug] [2021-01-17T18:09:14.748Z] <<< HTTP RESPONSE 200 {"content-type":"application/json; charset=UTF-8","vary":"X-Origin, Referer, Origin,Accept-Encoding","date":"Sun, 17 Jan 2021 18:09:14 GMT","server":"ESF","cache-control":"private","x-xss-protection":"0","x-frame-options":"SAMEORIGIN","x-content-type-options":"nosniff","alt-svc":"h3-29=\":443\"; ma=2592000,h3-T051=\":443\"; ma=2592000,h3-Q050=\":443\"; ma=2592000,h3-Q046=\":443\"; ma=2592000,h3-Q043=\":443\"; ma=2592000,quic=\":443\"; ma=2592000; v=\"46,43\"","accept-ranges":"none","transfer-encoding":"chunked"}
[debug] [2021-01-17T18:09:14.750Z] >>> HTTP REQUEST GET https://cloudfunctions.googleapis.com/v1/projects/react-test-app-76db2/locations/-/functions  
 
[debug] [2021-01-17T18:09:15.363Z] <<< HTTP RESPONSE 200 {"content-type":"application/json; charset=UTF-8","vary":"X-Origin, Referer, Origin,Accept-Encoding","date":"Sun, 17 Jan 2021 18:09:15 GMT","server":"ESF","cache-control":"private","x-xss-protection":"0","x-frame-options":"SAMEORIGIN","x-content-type-options":"nosniff","alt-svc":"h3-29=\":443\"; ma=2592000,h3-T051=\":443\"; ma=2592000,h3-Q050=\":443\"; ma=2592000,h3-Q046=\":443\"; ma=2592000,h3-Q043=\":443\"; ma=2592000,quic=\":443\"; ma=2592000; v=\"46,43\"","accept-ranges":"none","transfer-encoding":"chunked"}
[debug] [2021-01-17T18:09:15.365Z] >>> HTTP REQUEST GET https://cloudfunctions.googleapis.com/v1/operations/cmVhY3QtdGVzdC1hcHAtNzZkYjIvdXMtY2VudHJhbDEvYXBpL0FfMlNpRTRwOENz  
 
[debug] [2021-01-17T18:09:15.564Z] <<< HTTP RESPONSE 200 {"content-type":"application/json; charset=UTF-8","vary":"X-Origin, Referer, Origin,Accept-Encoding","date":"Sun, 17 Jan 2021 18:09:15 GMT","server":"ESF","cache-control":"private","x-xss-protection":"0","x-frame-options":"SAMEORIGIN","x-content-type-options":"nosniff","alt-svc":"h3-29=\":443\"; ma=2592000,h3-T051=\":443\"; ma=2592000,h3-Q050=\":443\"; ma=2592000,h3-Q046=\":443\"; ma=2592000,h3-Q043=\":443\"; ma=2592000,quic=\":443\"; ma=2592000; v=\"46,43\"","accept-ranges":"none","transfer-encoding":"chunked"}
[debug] [2021-01-17T18:09:17.572Z] >>> HTTP REQUEST GET https://cloudfunctions.googleapis.com/v1/operations/cmVhY3QtdGVzdC1hcHAtNzZkYjIvdXMtY2VudHJhbDEvYXBpL0FfMlNpRTRwOENz  
 
[debug] [2021-01-17T18:09:17.815Z] <<< HTTP RESPONSE 200 {"content-type":"application/json; charset=UTF-8","vary":"X-Origin, Referer, Origin,Accept-Encoding","date":"Sun, 17 Jan 2021 18:09:17 GMT","server":"ESF","cache-control":"private","x-xss-protection":"0","x-frame-options":"SAMEORIGIN","x-content-type-options":"nosniff","alt-svc":"h3-29=\":443\"; ma=2592000,h3-T051=\":443\"; ma=2592000,h3-Q050=\":443\"; ma=2592000,h3-Q046=\":443\"; ma=2592000,h3-Q043=\":443\"; ma=2592000,quic=\":443\"; ma=2592000; v=\"46,43\"","accept-ranges":"none","transfer-encoding":"chunked"}
[debug] [2021-01-17T18:09:19.817Z] >>> HTTP REQUEST GET https://cloudfunctions.googleapis.com/v1/operations/cmVhY3QtdGVzdC1hcHAtNzZkYjIvdXMtY2VudHJhbDEvYXBpL0FfMlNpRTRwOENz  
 
[debug] [2021-01-17T18:09:20.025Z] <<< HTTP RESPONSE 200 {"content-type":"application/json; charset=UTF-8","vary":"X-Origin, Referer, Origin,Accept-Encoding","date":"Sun, 17 Jan 2021 18:09:19 GMT","server":"ESF","cache-control":"private","x-xss-protection":"0","x-frame-options":"SAMEORIGIN","x-content-type-options":"nosniff","alt-svc":"h3-29=\":443\"; ma=2592000,h3-T051=\":443\"; ma=2592000,h3-Q050=\":443\"; ma=2592000,h3-Q046=\":443\"; ma=2592000,h3-Q043=\":443\"; ma=2592000,quic=\":443\"; ma=2592000; v=\"46,43\"","accept-ranges":"none","transfer-encoding":"chunked"}
[debug] [2021-01-17T18:09:22.027Z] >>> HTTP REQUEST GET https://cloudfunctions.googleapis.com/v1/operations/cmVhY3QtdGVzdC1hcHAtNzZkYjIvdXMtY2VudHJhbDEvYXBpL0FfMlNpRTRwOENz  
 
[debug] [2021-01-17T18:09:22.258Z] <<< HTTP RESPONSE 200 {"content-type":"application/json; charset=UTF-8","vary":"X-Origin, Referer, Origin,Accept-Encoding","date":"Sun, 17 Jan 2021 18:09:22 GMT","server":"ESF","cache-control":"private","x-xss-protection":"0","x-frame-options":"SAMEORIGIN","x-content-type-options":"nosniff","alt-svc":"h3-29=\":443\"; ma=2592000,h3-T051=\":443\"; ma=2592000,h3-Q050=\":443\"; ma=2592000,h3-Q046=\":443\"; ma=2592000,h3-Q043=\":443\"; ma=2592000,quic=\":443\"; ma=2592000; v=\"46,43\"","accept-ranges":"none","transfer-encoding":"chunked"}
[debug] [2021-01-17T18:09:24.263Z] >>> HTTP REQUEST GET https://cloudfunctions.googleapis.com/v1/operations/cmVhY3QtdGVzdC1hcHAtNzZkYjIvdXMtY2VudHJhbDEvYXBpL0FfMlNpRTRwOENz  
 
[debug] [2021-01-17T18:09:24.511Z] <<< HTTP RESPONSE 200 {"content-type":"application/json; charset=UTF-8","vary":"X-Origin, Referer, Origin,Accept-Encoding","date":"Sun, 17 Jan 2021 18:09:24 GMT","server":"ESF","cache-control":"private","x-xss-protection":"0","x-frame-options":"SAMEORIGIN","x-content-type-options":"nosniff","alt-svc":"h3-29=\":443\"; ma=2592000,h3-T051=\":443\"; ma=2592000,h3-Q050=\":443\"; ma=2592000,h3-Q046=\":443\"; ma=2592000,h3-Q043=\":443\"; ma=2592000,quic=\":443\"; ma=2592000; v=\"46,43\"","accept-ranges":"none","transfer-encoding":"chunked"}
[debug] [2021-01-17T18:09:26.516Z] >>> HTTP REQUEST GET https://cloudfunctions.googleapis.com/v1/operations/cmVhY3QtdGVzdC1hcHAtNzZkYjIvdXMtY2VudHJhbDEvYXBpL0FfMlNpRTRwOENz  
 
[debug] [2021-01-17T18:09:26.717Z] <<< HTTP RESPONSE 200 {"content-type":"application/json; charset=UTF-8","vary":"X-Origin, Referer, Origin,Accept-Encoding","date":"Sun, 17 Jan 2021 18:09:26 GMT","server":"ESF","cache-control":"private","x-xss-protection":"0","x-frame-options":"SAMEORIGIN","x-content-type-options":"nosniff","alt-svc":"h3-29=\":443\"; ma=2592000,h3-T051=\":443\"; ma=2592000,h3-Q050=\":443\"; ma=2592000,h3-Q046=\":443\"; ma=2592000,h3-Q043=\":443\"; ma=2592000,quic=\":443\"; ma=2592000; v=\"46,43\"","accept-ranges":"none","transfer-encoding":"chunked"}
[debug] [2021-01-17T18:09:28.719Z] >>> HTTP REQUEST GET https://cloudfunctions.googleapis.com/v1/operations/cmVhY3QtdGVzdC1hcHAtNzZkYjIvdXMtY2VudHJhbDEvYXBpL0FfMlNpRTRwOENz  
 
[debug] [2021-01-17T18:09:28.948Z] <<< HTTP RESPONSE 200 {"content-type":"application/json; charset=UTF-8","vary":"X-Origin, Referer, Origin,Accept-Encoding","date":"Sun, 17 Jan 2021 18:09:28 GMT","server":"ESF","cache-control":"private","x-xss-protection":"0","x-frame-options":"SAMEORIGIN","x-content-type-options":"nosniff","alt-svc":"h3-29=\":443\"; ma=2592000,h3-T051=\":443\"; ma=2592000,h3-Q050=\":443\"; ma=2592000,h3-Q046=\":443\"; ma=2592000,h3-Q043=\":443\"; ma=2592000,quic=\":443\"; ma=2592000; v=\"46,43\"","accept-ranges":"none","transfer-encoding":"chunked"}
[debug] [2021-01-17T18:09:30.953Z] >>> HTTP REQUEST GET https://cloudfunctions.googleapis.com/v1/operations/cmVhY3QtdGVzdC1hcHAtNzZkYjIvdXMtY2VudHJhbDEvYXBpL0FfMlNpRTRwOENz  
 
[debug] [2021-01-17T18:09:31.162Z] <<< HTTP RESPONSE 200 {"content-type":"application/json; charset=UTF-8","vary":"X-Origin, Referer, Origin,Accept-Encoding","date":"Sun, 17 Jan 2021 18:09:31 GMT","server":"ESF","cache-control":"private","x-xss-protection":"0","x-frame-options":"SAMEORIGIN","x-content-type-options":"nosniff","alt-svc":"h3-29=\":443\"; ma=2592000,h3-T051=\":443\"; ma=2592000,h3-Q050=\":443\"; ma=2592000,h3-Q046=\":443\"; ma=2592000,h3-Q043=\":443\"; ma=2592000,quic=\":443\"; ma=2592000; v=\"46,43\"","accept-ranges":"none","transfer-encoding":"chunked"}
[debug] [2021-01-17T18:09:33.165Z] >>> HTTP REQUEST GET https://cloudfunctions.googleapis.com/v1/operations/cmVhY3QtdGVzdC1hcHAtNzZkYjIvdXMtY2VudHJhbDEvYXBpL0FfMlNpRTRwOENz  
 
[debug] [2021-01-17T18:09:33.356Z] <<< HTTP RESPONSE 200 {"content-type":"application/json; charset=UTF-8","vary":"X-Origin, Referer, Origin,Accept-Encoding","date":"Sun, 17 Jan 2021 18:09:33 GMT","server":"ESF","cache-control":"private","x-xss-protection":"0","x-frame-options":"SAMEORIGIN","x-content-type-options":"nosniff","alt-svc":"h3-29=\":443\"; ma=2592000,h3-T051=\":443\"; ma=2592000,h3-Q050=\":443\"; ma=2592000,h3-Q046=\":443\"; ma=2592000,h3-Q043=\":443\"; ma=2592000,quic=\":443\"; ma=2592000; v=\"46,43\"","accept-ranges":"none","transfer-encoding":"chunked"}
[debug] [2021-01-17T18:09:35.361Z] >>> HTTP REQUEST GET https://cloudfunctions.googleapis.com/v1/operations/cmVhY3QtdGVzdC1hcHAtNzZkYjIvdXMtY2VudHJhbDEvYXBpL0FfMlNpRTRwOENz  
 
[debug] [2021-01-17T18:09:35.566Z] <<< HTTP RESPONSE 200 {"content-type":"application/json; charset=UTF-8","vary":"X-Origin, Referer, Origin,Accept-Encoding","date":"Sun, 17 Jan 2021 18:09:35 GMT","server":"ESF","cache-control":"private","x-xss-protection":"0","x-frame-options":"SAMEORIGIN","x-content-type-options":"nosniff","alt-svc":"h3-29=\":443\"; ma=2592000,h3-T051=\":443\"; ma=2592000,h3-Q050=\":443\"; ma=2592000,h3-Q046=\":443\"; ma=2592000,h3-Q043=\":443\"; ma=2592000,quic=\":443\"; ma=2592000; v=\"46,43\"","accept-ranges":"none","transfer-encoding":"chunked"}
[debug] [2021-01-17T18:09:37.572Z] >>> HTTP REQUEST GET https://cloudfunctions.googleapis.com/v1/operations/cmVhY3QtdGVzdC1hcHAtNzZkYjIvdXMtY2VudHJhbDEvYXBpL0FfMlNpRTRwOENz  
 
[debug] [2021-01-17T18:09:37.779Z] <<< HTTP RESPONSE 200 {"content-type":"application/json; charset=UTF-8","vary":"X-Origin, Referer, Origin,Accept-Encoding","date":"Sun, 17 Jan 2021 18:09:37 GMT","server":"ESF","cache-control":"private","x-xss-protection":"0","x-frame-options":"SAMEORIGIN","x-content-type-options":"nosniff","alt-svc":"h3-29=\":443\"; ma=2592000,h3-T051=\":443\"; ma=2592000,h3-Q050=\":443\"; ma=2592000,h3-Q046=\":443\"; ma=2592000,h3-Q043=\":443\"; ma=2592000,quic=\":443\"; ma=2592000; v=\"46,43\"","accept-ranges":"none","transfer-encoding":"chunked"}
[debug] [2021-01-17T18:09:39.783Z] >>> HTTP REQUEST GET https://cloudfunctions.googleapis.com/v1/operations/cmVhY3QtdGVzdC1hcHAtNzZkYjIvdXMtY2VudHJhbDEvYXBpL0FfMlNpRTRwOENz  
 
[debug] [2021-01-17T18:09:39.997Z] <<< HTTP RESPONSE 200 {"content-type":"application/json; charset=UTF-8","vary":"X-Origin, Referer, Origin,Accept-Encoding","date":"Sun, 17 Jan 2021 18:09:39 GMT","server":"ESF","cache-control":"private","x-xss-protection":"0","x-frame-options":"SAMEORIGIN","x-content-type-options":"nosniff","alt-svc":"h3-29=\":443\"; ma=2592000,h3-T051=\":443\"; ma=2592000,h3-Q050=\":443\"; ma=2592000,h3-Q046=\":443\"; ma=2592000,h3-Q043=\":443\"; ma=2592000,quic=\":443\"; ma=2592000; v=\"46,43\"","accept-ranges":"none","transfer-encoding":"chunked"}
[debug] [2021-01-17T18:09:42.002Z] >>> HTTP REQUEST GET https://cloudfunctions.googleapis.com/v1/operations/cmVhY3QtdGVzdC1hcHAtNzZkYjIvdXMtY2VudHJhbDEvYXBpL0FfMlNpRTRwOENz  
 
[debug] [2021-01-17T18:09:42.200Z] <<< HTTP RESPONSE 200 {"content-type":"application/json; charset=UTF-8","vary":"X-Origin, Referer, Origin,Accept-Encoding","date":"Sun, 17 Jan 2021 18:09:42 GMT","server":"ESF","cache-control":"private","x-xss-protection":"0","x-frame-options":"SAMEORIGIN","x-content-type-options":"nosniff","alt-svc":"h3-29=\":443\"; ma=2592000,h3-T051=\":443\"; ma=2592000,h3-Q050=\":443\"; ma=2592000,h3-Q046=\":443\"; ma=2592000,h3-Q043=\":443\"; ma=2592000,quic=\":443\"; ma=2592000; v=\"46,43\"","accept-ranges":"none","transfer-encoding":"chunked"}
[debug] [2021-01-17T18:09:44.201Z] >>> HTTP REQUEST GET https://cloudfunctions.googleapis.com/v1/operations/cmVhY3QtdGVzdC1hcHAtNzZkYjIvdXMtY2VudHJhbDEvYXBpL0FfMlNpRTRwOENz  
 
[debug] [2021-01-17T18:09:44.414Z] <<< HTTP RESPONSE 200 {"content-type":"application/json; charset=UTF-8","vary":"X-Origin, Referer, Origin,Accept-Encoding","date":"Sun, 17 Jan 2021 18:09:44 GMT","server":"ESF","cache-control":"private","x-xss-protection":"0","x-frame-options":"SAMEORIGIN","x-content-type-options":"nosniff","alt-svc":"h3-29=\":443\"; ma=2592000,h3-T051=\":443\"; ma=2592000,h3-Q050=\":443\"; ma=2592000,h3-Q046=\":443\"; ma=2592000,h3-Q043=\":443\"; ma=2592000,quic=\":443\"; ma=2592000; v=\"46,43\"","accept-ranges":"none","transfer-encoding":"chunked"}
[debug] [2021-01-17T18:09:46.421Z] >>> HTTP REQUEST GET https://cloudfunctions.googleapis.com/v1/operations/cmVhY3QtdGVzdC1hcHAtNzZkYjIvdXMtY2VudHJhbDEvYXBpL0FfMlNpRTRwOENz  
 
[debug] [2021-01-17T18:09:46.667Z] <<< HTTP RESPONSE 200 {"content-type":"application/json; charset=UTF-8","vary":"X-Origin, Referer, Origin,Accept-Encoding","date":"Sun, 17 Jan 2021 18:09:46 GMT","server":"ESF","cache-control":"private","x-xss-protection":"0","x-frame-options":"SAMEORIGIN","x-content-type-options":"nosniff","alt-svc":"h3-29=\":443\"; ma=2592000,h3-T051=\":443\"; ma=2592000,h3-Q050=\":443\"; ma=2592000,h3-Q046=\":443\"; ma=2592000,h3-Q043=\":443\"; ma=2592000,quic=\":443\"; ma=2592000; v=\"46,43\"","accept-ranges":"none","transfer-encoding":"chunked"}
[debug] [2021-01-17T18:09:48.672Z] >>> HTTP REQUEST GET https://cloudfunctions.googleapis.com/v1/operations/cmVhY3QtdGVzdC1hcHAtNzZkYjIvdXMtY2VudHJhbDEvYXBpL0FfMlNpRTRwOENz  
 
[debug] [2021-01-17T18:09:48.883Z] <<< HTTP RESPONSE 200 {"content-type":"application/json; charset=UTF-8","vary":"X-Origin, Referer, Origin,Accept-Encoding","date":"Sun, 17 Jan 2021 18:09:48 GMT","server":"ESF","cache-control":"private","x-xss-protection":"0","x-frame-options":"SAMEORIGIN","x-content-type-options":"nosniff","alt-svc":"h3-29=\":443\"; ma=2592000,h3-T051=\":443\"; ma=2592000,h3-Q050=\":443\"; ma=2592000,h3-Q046=\":443\"; ma=2592000,h3-Q043=\":443\"; ma=2592000,quic=\":443\"; ma=2592000; v=\"46,43\"","accept-ranges":"none","transfer-encoding":"chunked"}
[debug] [2021-01-17T18:09:50.890Z] >>> HTTP REQUEST GET https://cloudfunctions.googleapis.com/v1/operations/cmVhY3QtdGVzdC1hcHAtNzZkYjIvdXMtY2VudHJhbDEvYXBpL0FfMlNpRTRwOENz  
 
[debug] [2021-01-17T18:09:51.098Z] <<< HTTP RESPONSE 200 {"content-type":"application/json; charset=UTF-8","vary":"X-Origin, Referer, Origin,Accept-Encoding","date":"Sun, 17 Jan 2021 18:09:51 GMT","server":"ESF","cache-control":"private","x-xss-protection":"0","x-frame-options":"SAMEORIGIN","x-content-type-options":"nosniff","alt-svc":"h3-29=\":443\"; ma=2592000,h3-T051=\":443\"; ma=2592000,h3-Q050=\":443\"; ma=2592000,h3-Q046=\":443\"; ma=2592000,h3-Q043=\":443\"; ma=2592000,quic=\":443\"; ma=2592000; v=\"46,43\"","accept-ranges":"none","transfer-encoding":"chunked"}
[debug] [2021-01-17T18:09:53.103Z] >>> HTTP REQUEST GET https://cloudfunctions.googleapis.com/v1/operations/cmVhY3QtdGVzdC1hcHAtNzZkYjIvdXMtY2VudHJhbDEvYXBpL0FfMlNpRTRwOENz  
 
[debug] [2021-01-17T18:09:53.309Z] <<< HTTP RESPONSE 200 {"content-type":"application/json; charset=UTF-8","vary":"X-Origin, Referer, Origin,Accept-Encoding","date":"Sun, 17 Jan 2021 18:09:53 GMT","server":"ESF","cache-control":"private","x-xss-protection":"0","x-frame-options":"SAMEORIGIN","x-content-type-options":"nosniff","alt-svc":"h3-29=\":443\"; ma=2592000,h3-T051=\":443\"; ma=2592000,h3-Q050=\":443\"; ma=2592000,h3-Q046=\":443\"; ma=2592000,h3-Q043=\":443\"; ma=2592000,quic=\":443\"; ma=2592000; v=\"46,43\"","accept-ranges":"none","transfer-encoding":"chunked"}
[debug] [2021-01-17T18:09:55.314Z] >>> HTTP REQUEST GET https://cloudfunctions.googleapis.com/v1/operations/cmVhY3QtdGVzdC1hcHAtNzZkYjIvdXMtY2VudHJhbDEvYXBpL0FfMlNpRTRwOENz  
 
[debug] [2021-01-17T18:09:55.516Z] <<< HTTP RESPONSE 200 {"content-type":"application/json; charset=UTF-8","vary":"X-Origin, Referer, Origin,Accept-Encoding","date":"Sun, 17 Jan 2021 18:09:55 GMT","server":"ESF","cache-control":"private","x-xss-protection":"0","x-frame-options":"SAMEORIGIN","x-content-type-options":"nosniff","alt-svc":"h3-29=\":443\"; ma=2592000,h3-T051=\":443\"; ma=2592000,h3-Q050=\":443\"; ma=2592000,h3-Q046=\":443\"; ma=2592000,h3-Q043=\":443\"; ma=2592000,quic=\":443\"; ma=2592000; v=\"46,43\"","accept-ranges":"none","transfer-encoding":"chunked"}
[debug] [2021-01-17T18:09:57.517Z] >>> HTTP REQUEST GET https://cloudfunctions.googleapis.com/v1/operations/cmVhY3QtdGVzdC1hcHAtNzZkYjIvdXMtY2VudHJhbDEvYXBpL0FfMlNpRTRwOENz  
 
[debug] [2021-01-17T18:09:57.723Z] <<< HTTP RESPONSE 200 {"content-type":"application/json; charset=UTF-8","vary":"X-Origin, Referer, Origin,Accept-Encoding","date":"Sun, 17 Jan 2021 18:09:57 GMT","server":"ESF","cache-control":"private","x-xss-protection":"0","x-frame-options":"SAMEORIGIN","x-content-type-options":"nosniff","alt-svc":"h3-29=\":443\"; ma=2592000,h3-T051=\":443\"; ma=2592000,h3-Q050=\":443\"; ma=2592000,h3-Q046=\":443\"; ma=2592000,h3-Q043=\":443\"; ma=2592000,quic=\":443\"; ma=2592000; v=\"46,43\"","accept-ranges":"none","transfer-encoding":"chunked"}
[debug] [2021-01-17T18:09:59.726Z] >>> HTTP REQUEST GET https://cloudfunctions.googleapis.com/v1/operations/cmVhY3QtdGVzdC1hcHAtNzZkYjIvdXMtY2VudHJhbDEvYXBpL0FfMlNpRTRwOENz  
 
[debug] [2021-01-17T18:09:59.938Z] <<< HTTP RESPONSE 200 {"content-type":"application/json; charset=UTF-8","vary":"X-Origin, Referer, Origin,Accept-Encoding","date":"Sun, 17 Jan 2021 18:09:59 GMT","server":"ESF","cache-control":"private","x-xss-protection":"0","x-frame-options":"SAMEORIGIN","x-content-type-options":"nosniff","alt-svc":"h3-29=\":443\"; ma=2592000,h3-T051=\":443\"; ma=2592000,h3-Q050=\":443\"; ma=2592000,h3-Q046=\":443\"; ma=2592000,h3-Q043=\":443\"; ma=2592000,quic=\":443\"; ma=2592000; v=\"46,43\"","accept-ranges":"none","transfer-encoding":"chunked"}
[debug] [2021-01-17T18:10:01.944Z] >>> HTTP REQUEST GET https://cloudfunctions.googleapis.com/v1/operations/cmVhY3QtdGVzdC1hcHAtNzZkYjIvdXMtY2VudHJhbDEvYXBpL0FfMlNpRTRwOENz  
 
[debug] [2021-01-17T18:10:02.155Z] <<< HTTP RESPONSE 200 {"content-type":"application/json; charset=UTF-8","vary":"X-Origin, Referer, Origin,Accept-Encoding","date":"Sun, 17 Jan 2021 18:10:02 GMT","server":"ESF","cache-control":"private","x-xss-protection":"0","x-frame-options":"SAMEORIGIN","x-content-type-options":"nosniff","alt-svc":"h3-29=\":443\"; ma=2592000,h3-T051=\":443\"; ma=2592000,h3-Q050=\":443\"; ma=2592000,h3-Q046=\":443\"; ma=2592000,h3-Q043=\":443\"; ma=2592000,quic=\":443\"; ma=2592000; v=\"46,43\"","accept-ranges":"none","transfer-encoding":"chunked"}
[debug] [2021-01-17T18:10:04.163Z] >>> HTTP REQUEST GET https://cloudfunctions.googleapis.com/v1/operations/cmVhY3QtdGVzdC1hcHAtNzZkYjIvdXMtY2VudHJhbDEvYXBpL0FfMlNpRTRwOENz  
 
[debug] [2021-01-17T18:10:04.374Z] <<< HTTP RESPONSE 200 {"content-type":"application/json; charset=UTF-8","vary":"X-Origin, Referer, Origin,Accept-Encoding","date":"Sun, 17 Jan 2021 18:10:04 GMT","server":"ESF","cache-control":"private","x-xss-protection":"0","x-frame-options":"SAMEORIGIN","x-content-type-options":"nosniff","alt-svc":"h3-29=\":443\"; ma=2592000,h3-T051=\":443\"; ma=2592000,h3-Q050=\":443\"; ma=2592000,h3-Q046=\":443\"; ma=2592000,h3-Q043=\":443\"; ma=2592000,quic=\":443\"; ma=2592000; v=\"46,43\"","accept-ranges":"none","transfer-encoding":"chunked"}
[debug] [2021-01-17T18:10:06.376Z] >>> HTTP REQUEST GET https://cloudfunctions.googleapis.com/v1/operations/cmVhY3QtdGVzdC1hcHAtNzZkYjIvdXMtY2VudHJhbDEvYXBpL0FfMlNpRTRwOENz  
 
[debug] [2021-01-17T18:10:06.582Z] <<< HTTP RESPONSE 200 {"content-type":"application/json; charset=UTF-8","vary":"X-Origin, Referer, Origin,Accept-Encoding","date":"Sun, 17 Jan 2021 18:10:06 GMT","server":"ESF","cache-control":"private","x-xss-protection":"0","x-frame-options":"SAMEORIGIN","x-content-type-options":"nosniff","alt-svc":"h3-29=\":443\"; ma=2592000,h3-T051=\":443\"; ma=2592000,h3-Q050=\":443\"; ma=2592000,h3-Q046=\":443\"; ma=2592000,h3-Q043=\":443\"; ma=2592000,quic=\":443\"; ma=2592000; v=\"46,43\"","accept-ranges":"none","transfer-encoding":"chunked"}
[debug] [2021-01-17T18:10:08.585Z] >>> HTTP REQUEST GET https://cloudfunctions.googleapis.com/v1/operations/cmVhY3QtdGVzdC1hcHAtNzZkYjIvdXMtY2VudHJhbDEvYXBpL0FfMlNpRTRwOENz  
 
[debug] [2021-01-17T18:10:08.786Z] <<< HTTP RESPONSE 200 {"content-type":"application/json; charset=UTF-8","vary":"X-Origin, Referer, Origin,Accept-Encoding","date":"Sun, 17 Jan 2021 18:10:08 GMT","server":"ESF","cache-control":"private","x-xss-protection":"0","x-frame-options":"SAMEORIGIN","x-content-type-options":"nosniff","alt-svc":"h3-29=\":443\"; ma=2592000,h3-T051=\":443\"; ma=2592000,h3-Q050=\":443\"; ma=2592000,h3-Q046=\":443\"; ma=2592000,h3-Q043=\":443\"; ma=2592000,quic=\":443\"; ma=2592000; v=\"46,43\"","accept-ranges":"none","transfer-encoding":"chunked"}
[debug] [2021-01-17T18:10:10.788Z] >>> HTTP REQUEST GET https://cloudfunctions.googleapis.com/v1/operations/cmVhY3QtdGVzdC1hcHAtNzZkYjIvdXMtY2VudHJhbDEvYXBpL0FfMlNpRTRwOENz  
 
[debug] [2021-01-17T18:10:10.999Z] <<< HTTP RESPONSE 200 {"content-type":"application/json; charset=UTF-8","vary":"X-Origin, Referer, Origin,Accept-Encoding","date":"Sun, 17 Jan 2021 18:10:10 GMT","server":"ESF","cache-control":"private","x-xss-protection":"0","x-frame-options":"SAMEORIGIN","x-content-type-options":"nosniff","alt-svc":"h3-29=\":443\"; ma=2592000,h3-T051=\":443\"; ma=2592000,h3-Q050=\":443\"; ma=2592000,h3-Q046=\":443\"; ma=2592000,h3-Q043=\":443\"; ma=2592000,quic=\":443\"; ma=2592000; v=\"46,43\"","accept-ranges":"none","transfer-encoding":"chunked"}
[debug] [2021-01-17T18:10:12.999Z] >>> HTTP REQUEST GET https://cloudfunctions.googleapis.com/v1/operations/cmVhY3QtdGVzdC1hcHAtNzZkYjIvdXMtY2VudHJhbDEvYXBpL0FfMlNpRTRwOENz  
 
[debug] [2021-01-17T18:10:13.190Z] <<< HTTP RESPONSE 200 {"content-type":"application/json; charset=UTF-8","vary":"X-Origin, Referer, Origin,Accept-Encoding","date":"Sun, 17 Jan 2021 18:10:13 GMT","server":"ESF","cache-control":"private","x-xss-protection":"0","x-frame-options":"SAMEORIGIN","x-content-type-options":"nosniff","alt-svc":"h3-29=\":443\"; ma=2592000,h3-T051=\":443\"; ma=2592000,h3-Q050=\":443\"; ma=2592000,h3-Q046=\":443\"; ma=2592000,h3-Q043=\":443\"; ma=2592000,quic=\":443\"; ma=2592000; v=\"46,43\"","accept-ranges":"none","transfer-encoding":"chunked"}
[debug] [2021-01-17T18:10:15.192Z] >>> HTTP REQUEST GET https://cloudfunctions.googleapis.com/v1/operations/cmVhY3QtdGVzdC1hcHAtNzZkYjIvdXMtY2VudHJhbDEvYXBpL0FfMlNpRTRwOENz  
 
[debug] [2021-01-17T18:10:15.403Z] <<< HTTP RESPONSE 200 {"content-type":"application/json; charset=UTF-8","vary":"X-Origin, Referer, Origin,Accept-Encoding","date":"Sun, 17 Jan 2021 18:10:15 GMT","server":"ESF","cache-control":"private","x-xss-protection":"0","x-frame-options":"SAMEORIGIN","x-content-type-options":"nosniff","alt-svc":"h3-29=\":443\"; ma=2592000,h3-T051=\":443\"; ma=2592000,h3-Q050=\":443\"; ma=2592000,h3-Q046=\":443\"; ma=2592000,h3-Q043=\":443\"; ma=2592000,quic=\":443\"; ma=2592000; v=\"46,43\"","accept-ranges":"none","transfer-encoding":"chunked"}
[debug] [2021-01-17T18:10:17.408Z] >>> HTTP REQUEST GET https://cloudfunctions.googleapis.com/v1/operations/cmVhY3QtdGVzdC1hcHAtNzZkYjIvdXMtY2VudHJhbDEvYXBpL0FfMlNpRTRwOENz  
 
[debug] [2021-01-17T18:10:17.610Z] <<< HTTP RESPONSE 200 {"content-type":"application/json; charset=UTF-8","vary":"X-Origin, Referer, Origin,Accept-Encoding","date":"Sun, 17 Jan 2021 18:10:17 GMT","server":"ESF","cache-control":"private","x-xss-protection":"0","x-frame-options":"SAMEORIGIN","x-content-type-options":"nosniff","alt-svc":"h3-29=\":443\"; ma=2592000,h3-T051=\":443\"; ma=2592000,h3-Q050=\":443\"; ma=2592000,h3-Q046=\":443\"; ma=2592000,h3-Q043=\":443\"; ma=2592000,quic=\":443\"; ma=2592000; v=\"46,43\"","accept-ranges":"none","transfer-encoding":"chunked"}
[debug] [2021-01-17T18:10:19.614Z] >>> HTTP REQUEST GET https://cloudfunctions.googleapis.com/v1/operations/cmVhY3QtdGVzdC1hcHAtNzZkYjIvdXMtY2VudHJhbDEvYXBpL0FfMlNpRTRwOENz  
 
[debug] [2021-01-17T18:10:19.829Z] <<< HTTP RESPONSE 200 {"content-type":"application/json; charset=UTF-8","vary":"X-Origin, Referer, Origin,Accept-Encoding","date":"Sun, 17 Jan 2021 18:10:19 GMT","server":"ESF","cache-control":"private","x-xss-protection":"0","x-frame-options":"SAMEORIGIN","x-content-type-options":"nosniff","alt-svc":"h3-29=\":443\"; ma=2592000,h3-T051=\":443\"; ma=2592000,h3-Q050=\":443\"; ma=2592000,h3-Q046=\":443\"; ma=2592000,h3-Q043=\":443\"; ma=2592000,quic=\":443\"; ma=2592000; v=\"46,43\"","accept-ranges":"none","transfer-encoding":"chunked"}
[warn] ⚠  functions[api(us-central1)]: Deployment error. 
[info] Function failed on loading user code. This is likely due to a bug in the user code. Error message: Error: please examine your function logs to see the error cause: https://cloud.google.com/functions/docs/monitoring/logging#viewing_logs. Additional troubleshooting documentation can be found at https://cloud.google.com/functions/docs/troubleshooting#logging. Please visit https://cloud.google.com/functions/docs/troubleshooting for in-depth troubleshooting documentation.
[info] 

Functions deploy had errors with the following functions:
[info] 	api
[info] 

To try redeploying those functions, run:
[info]     firebase deploy --only "functions:api"
[info] 

To continue deploying other features (such as database), run:
[info]     firebase deploy --except functions
[error] 
[error] Error: Functions did not deploy properly.
